<?xml version="1.0" encoding="UTF-8"?>
<!-- Generated by org.testng.reporters.JUnitReportReporter -->
<testsuite hostname="DESKTOP-6GK8DDT" failures="0" tests="4" name="waficommerce.Login" time="51.697" errors="0" timestamp="2025-02-26T15:55:29 BDT" skipped="0">
  <testcase classname="waficommerce.Login" name="login" time="12.778"/>
  <system-out/>
  <testcase classname="waficommerce.Login" name="inventory" time="14.252"/>
  <system-out/>
  <testcase classname="waficommerce.Login" name="purchasestest" time="7.445"/>
  <system-out/>
  <testcase classname="waficommerce.Login" name="sales" time="17.222"/>
  <system-out/>
</testsuite> <!-- waficommerce.Login -->
